DLAG log file
==================================================================================================
->ANALYSIS
CASE ID=8777
ANALYSIS=traingenerate
AIRFOIL DZDX ANALYSIS=camber
DESIGN AIRFOIL DZDX ANALYSIS=camber
IMPORTED MODEL=0
LAST TRAINING LOSS=['795.525']
LAST CV LOSS=['829.854']
--------------------------------------------------------------------------------------------------
->TRAINING
TRAINING SIZE=0.75
LEARNING RATE=0.015
L2 REGULARIZER=0.15
L1 REGULARIZER=0.0
DROPOUT=0.38
ACTIVATION=swish
NUMBER OF EPOCHS=80
BATCH SIZE=32
LATENT DIMENSION=20
ENCODER HIDDEN LAYERS=[200, 50]
DECODER HIDDEN LAYERS=[50, 200]
OPTIMIZER=['Adam']
METRICS=['mean_squared_error']
--------------------------------------------------------------------------------------------------
->DESIGN
DESIGN PARAMETERS TRAIN=['XDZDX_C']
XDZDX CONTROLPOINTS TRAIN=[0.2, 0.7]
--------------------------------------------------------------------------------------------------
->ARCHITECTURE
INPUT SHAPE=(150, 100)
--------------------------------------------------------------------------------------------------
->MODEL
Model: "model"
__________________________________________________________________________________________________
 Layer (type)                   Output Shape         Param #     Connected to                     
==================================================================================================
 input_1 (InputLayer)           [(None, 15000)]      0           []                               
                                                                                                  
 input_2 (InputLayer)           [(None, 10)]         0           []                               
                                                                                                  
 concatenate (Concatenate)      (None, 15010)        0           ['input_1[0][0]',                
                                                                  'input_2[0][0]']                
                                                                                                  
 encoder_c (Sequential)         (None, 40)           3015290     ['concatenate[0][0]']            
                                                                                                  
 lambda (Lambda)                (None, 20)           0           ['encoder_c[0][0]']              
                                                                                                  
 lambda_1 (Lambda)              (None, 20)           0           ['encoder_c[0][0]']              
                                                                                                  
 lambda_2 (Lambda)              (None, 20)           0           ['lambda[0][0]',                 
                                                                  'lambda_1[0][0]']               
                                                                                                  
 concatenate_1 (Concatenate)    (None, 30)           0           ['lambda_2[0][0]',               
                                                                  'input_2[0][0]']                
                                                                                                  
 decoder_c (Sequential)         (None, 15000)        3027750     ['concatenate_1[0][0]']          
                                                                                                  
==================================================================================================
Total params: 6,043,040
Trainable params: 6,042,040
Non-trainable params: 1,000
__________________________________________________________________________________________________
==================================================================================================
